# JRE version: OpenJDK Runtime Environment (8.0_242-b01) (build 1.8.0_242-release-1644-b01)
# Java VM: OpenJDK 64-Bit Server VM (25.242-b01 mixed mode windows-amd64 compressed oops)
Heap:
 PSYoungGen      total 141824K, used 87720K [0x00000000d5580000, 0x00000000e0580000, 0x0000000100000000)
  eden space 126976K, 57% used [0x00000000d5580000,0x00000000d9cab758,0x00000000dd180000)
  from space 14848K, 99% used [0x00000000dd180000,0x00000000ddffebf8,0x00000000de000000)
  to   space 19456K, 0% used [0x00000000df280000,0x00000000df280000,0x00000000e0580000)
 ParOldGen       total 105472K, used 39727K [0x0000000080000000, 0x0000000086700000, 0x00000000d5580000)
  object space 105472K, 37% used [0x0000000080000000,0x00000000826cbdd8,0x0000000086700000)
 Metaspace       used 75121K, capacity 78824K, committed 79024K, reserved 1118208K
  class space    used 10448K, capacity 11177K, committed 11184K, reserved 1048576K
GC Heap History (10 events):
Event: 23.018 GC heap before
{Heap before GC invocations=16 (full 2):
 PSYoungGen      total 104960K, used 104948K [0x00000000d5580000, 0x00000000dd600000, 0x0000000100000000)
  eden space 96256K, 100% used [0x00000000d5580000,0x00000000db380000,0x00000000db380000)
  from space 8704K, 99% used [0x00000000db380000,0x00000000dbbfd100,0x00000000dbc00000)
  to   space 10240K, 0% used [0x00000000dcc00000,0x00000000dcc00000,0x00000000dd600000)
 ParOldGen       total 65536K, used 17458K [0x0000000080000000, 0x0000000084000000, 0x00000000d5580000)
  object space 65536K, 26% used [0x0000000080000000,0x000000008110c968,0x0000000084000000)
 Metaspace       used 50428K, capacity 52178K, committed 52272K, reserved 1093632K
  class space    used 6757K, capacity 7186K, committed 7216K, reserved 1048576K
Event: 23.119 GC heap after
Heap after GC invocations=16 (full 2):
 PSYoungGen      total 117248K, used 10238K [0x00000000d5580000, 0x00000000de480000, 0x0000000100000000)
  eden space 107008K, 0% used [0x00000000d5580000,0x00000000d5580000,0x00000000dbe00000)
  from space 10240K, 99% used [0x00000000dcc00000,0x00000000dd5ff9c8,0x00000000dd600000)
  to   space 14336K, 0% used [0x00000000dbe00000,0x00000000dbe00000,0x00000000dcc00000)
 ParOldGen       total 65536K, used 24195K [0x0000000080000000, 0x0000000084000000, 0x00000000d5580000)
  object space 65536K, 36% used [0x0000000080000000,0x00000000817a0cd8,0x0000000084000000)
 Metaspace       used 50428K, capacity 52178K, committed 52272K, reserved 1093632K
  class space    used 6757K, capacity 7186K, committed 7216K, reserved 1048576K
}
Event: 25.384 GC heap before
{Heap before GC invocations=17 (full 2):
 PSYoungGen      total 117248K, used 86346K [0x00000000d5580000, 0x00000000de480000, 0x0000000100000000)
  eden space 107008K, 71% used [0x00000000d5580000,0x00000000d9fd2fd8,0x00000000dbe00000)
  from space 10240K, 99% used [0x00000000dcc00000,0x00000000dd5ff9c8,0x00000000dd600000)
  to   space 14336K, 0% used [0x00000000dbe00000,0x00000000dbe00000,0x00000000dcc00000)
 ParOldGen       total 65536K, used 24195K [0x0000000080000000, 0x0000000084000000, 0x00000000d5580000)
  object space 65536K, 36% used [0x0000000080000000,0x00000000817a0cd8,0x0000000084000000)
 Metaspace       used 57126K, capacity 59108K, committed 59160K, reserved 1099776K
  class space    used 7837K, capacity 8345K, committed 8368K, reserved 1048576K
Event: 25.409 GC heap after
Heap after GC invocations=17 (full 2):
 PSYoungGen      total 121344K, used 8454K [0x00000000d5580000, 0x00000000df080000, 0x0000000100000000)
  eden space 107008K, 0% used [0x00000000d5580000,0x00000000d5580000,0x00000000dbe00000)
  from space 14336K, 58% used [0x00000000dbe00000,0x00000000dc641a78,0x00000000dcc00000)
  to   space 14336K, 0% used [0x00000000de280000,0x00000000de280000,0x00000000df080000)
 ParOldGen       total 65536K, used 31389K [0x0000000080000000, 0x0000000084000000, 0x00000000d5580000)
  object space 65536K, 47% used [0x0000000080000000,0x0000000081ea7620,0x0000000084000000)
 Metaspace       used 57126K, capacity 59108K, committed 59160K, reserved 1099776K
  class space    used 7837K, capacity 8345K, committed 8368K, reserved 1048576K
}
Event: 25.409 GC heap before
{Heap before GC invocations=18 (full 3):
 PSYoungGen      total 121344K, used 8454K [0x00000000d5580000, 0x00000000df080000, 0x0000000100000000)
  eden space 107008K, 0% used [0x00000000d5580000,0x00000000d5580000,0x00000000dbe00000)
  from space 14336K, 58% used [0x00000000dbe00000,0x00000000dc641a78,0x00000000dcc00000)
  to   space 14336K, 0% used [0x00000000de280000,0x00000000de280000,0x00000000df080000)
 ParOldGen       total 65536K, used 31389K [0x0000000080000000, 0x0000000084000000, 0x00000000d5580000)
  object space 65536K, 47% used [0x0000000080000000,0x0000000081ea7620,0x0000000084000000)
 Metaspace       used 57126K, capacity 59108K, committed 59160K, reserved 1099776K
  class space    used 7837K, capacity 8345K, committed 8368K, reserved 1048576K
Event: 25.732 GC heap after
Heap after GC invocations=18 (full 3):
 PSYoungGen      total 121344K, used 0K [0x00000000d5580000, 0x00000000df080000, 0x0000000100000000)
  eden space 107008K, 0% used [0x00000000d5580000,0x00000000d5580000,0x00000000dbe00000)
  from space 14336K, 0% used [0x00000000dbe00000,0x00000000dbe00000,0x00000000dcc00000)
  to   space 14336K, 0% used [0x00000000de280000,0x00000000de280000,0x00000000df080000)
 ParOldGen       total 105472K, used 32689K [0x0000000080000000, 0x0000000086700000, 0x00000000d5580000)
  object space 105472K, 30% used [0x0000000080000000,0x0000000081fec4c0,0x0000000086700000)
 Metaspace       used 57116K, capacity 59072K, committed 59160K, reserved 1099776K
  class space    used 7834K, capacity 8339K, committed 8368K, reserved 1048576K
}
Event: 29.136 GC heap before
{Heap before GC invocations=19 (full 3):
 PSYoungGen      total 121344K, used 107008K [0x00000000d5580000, 0x00000000df080000, 0x0000000100000000)
  eden space 107008K, 100% used [0x00000000d5580000,0x00000000dbe00000,0x00000000dbe00000)
  from space 14336K, 0% used [0x00000000dbe00000,0x00000000dbe00000,0x00000000dcc00000)
  to   space 14336K, 0% used [0x00000000de280000,0x00000000de280000,0x00000000df080000)
 ParOldGen       total 105472K, used 32689K [0x0000000080000000, 0x0000000086700000, 0x00000000d5580000)
  object space 105472K, 30% used [0x0000000080000000,0x0000000081fec4c0,0x0000000086700000)
 Metaspace       used 60717K, capacity 63418K, committed 63536K, reserved 1103872K
  class space    used 8375K, capacity 8972K, committed 9008K, reserved 1048576K
Event: 29.151 GC heap after
Heap after GC invocations=19 (full 3):
 PSYoungGen      total 139264K, used 10198K [0x00000000d5580000, 0x00000000dee80000, 0x0000000100000000)
  eden space 126976K, 0% used [0x00000000d5580000,0x00000000d5580000,0x00000000dd180000)
  from space 12288K, 82% used [0x00000000de280000,0x00000000dec75a88,0x00000000dee80000)
  to   space 14848K, 0% used [0x00000000dd180000,0x00000000dd180000,0x00000000de000000)
 ParOldGen       total 105472K, used 32697K [0x0000000080000000, 0x0000000086700000, 0x00000000d5580000)
  object space 105472K, 31% used [0x0000000080000000,0x0000000081fee4c0,0x0000000086700000)
 Metaspace       used 60717K, capacity 63418K, committed 63536K, reserved 1103872K
  class space    used 8375K, capacity 8972K, committed 9008K, reserved 1048576K
}
Event: 35.655 GC heap before
{Heap before GC invocations=20 (full 3):
 PSYoungGen      total 139264K, used 137174K [0x00000000d5580000, 0x00000000dee80000, 0x0000000100000000)
  eden space 126976K, 100% used [0x00000000d5580000,0x00000000dd180000,0x00000000dd180000)
  from space 12288K, 82% used [0x00000000de280000,0x00000000dec75a88,0x00000000dee80000)
  to   space 14848K, 0% used [0x00000000dd180000,0x00000000dd180000,0x00000000de000000)
 ParOldGen       total 105472K, used 32697K [0x0000000080000000, 0x0000000086700000, 0x00000000d5580000)
  object space 105472K, 31% used [0x0000000080000000,0x0000000081fee4c0,0x0000000086700000)
 Metaspace       used 73603K, capacity 77174K, committed 77360K, reserved 1116160K
  class space    used 10221K, capacity 10944K, committed 11056K, reserved 1048576K
Event: 35.689 GC heap after
Heap after GC invocations=20 (full 3):
 PSYoungGen      total 141824K, used 14842K [0x00000000d5580000, 0x00000000e0580000, 0x0000000100000000)
  eden space 126976K, 0% used [0x00000000d5580000,0x00000000d5580000,0x00000000dd180000)
  from space 14848K, 99% used [0x00000000dd180000,0x00000000ddffebf8,0x00000000de000000)
  to   space 19456K, 0% used [0x00000000df280000,0x00000000df280000,0x00000000e0580000)
 ParOldGen       total 105472K, used 39727K [0x0000000080000000, 0x0000000086700000, 0x00000000d5580000)
  object space 105472K, 37% used [0x0000000080000000,0x00000000826cbdd8,0x0000000086700000)
 Metaspace       used 73603K, capacity 77174K, committed 77360K, reserved 1116160K
  class space    used 10221K, capacity 10944K, committed 11056K, reserved 1048576K
}

