# JRE version: OpenJDK Runtime Environment (8.0_242-b01) (build 1.8.0_242-release-1644-b01)
# Java VM: OpenJDK 64-Bit Server VM (25.242-b01 mixed mode windows-amd64 compressed oops)
Heap:
 PSYoungGen      total 199680K, used 162865K [0x00000000d5580000, 0x00000000e2580000, 0x0000000100000000)
  eden space 187392K, 86% used [0x00000000d5580000,0x00000000df48c7a8,0x00000000e0c80000)
  from space 12288K, 0% used [0x00000000e1980000,0x00000000e1980000,0x00000000e2580000)
  to   space 12800K, 0% used [0x00000000e0c80000,0x00000000e0c80000,0x00000000e1900000)
 ParOldGen       total 80384K, used 33244K [0x0000000080000000, 0x0000000084e80000, 0x00000000d5580000)
  object space 80384K, 41% used [0x0000000080000000,0x00000000820771a0,0x0000000084e80000)
 Metaspace       used 62524K, capacity 65420K, committed 65704K, reserved 1105920K
  class space    used 8644K, capacity 9273K, committed 9392K, reserved 1048576K
GC Heap History (10 events):
Event: 6.390 GC heap before
{Heap before GC invocations=11 (full 1):
 PSYoungGen      total 138752K, used 64500K [0x00000000d5580000, 0x00000000e2580000, 0x0000000100000000)
  eden space 129024K, 42% used [0x00000000d5580000,0x00000000d8afd400,0x00000000dd380000)
  from space 9728K, 99% used [0x00000000dd380000,0x00000000ddcffd88,0x00000000ddd00000)
  to   space 12288K, 0% used [0x00000000e1980000,0x00000000e1980000,0x00000000e2580000)
 ParOldGen       total 30720K, used 10478K [0x0000000080000000, 0x0000000081e00000, 0x00000000d5580000)
  object space 30720K, 34% used [0x0000000080000000,0x0000000080a3b890,0x0000000081e00000)
 Metaspace       used 34599K, capacity 35414K, committed 35496K, reserved 1079296K
  class space    used 4743K, capacity 4972K, committed 5040K, reserved 1048576K
Event: 6.414 GC heap after
Heap after GC invocations=11 (full 1):
 PSYoungGen      total 199680K, used 9036K [0x00000000d5580000, 0x00000000e2580000, 0x0000000100000000)
  eden space 187392K, 0% used [0x00000000d5580000,0x00000000d5580000,0x00000000e0c80000)
  from space 12288K, 73% used [0x00000000e1980000,0x00000000e2253008,0x00000000e2580000)
  to   space 12800K, 0% used [0x00000000e0c80000,0x00000000e0c80000,0x00000000e1900000)
 ParOldGen       total 30720K, used 10486K [0x0000000080000000, 0x0000000081e00000, 0x00000000d5580000)
  object space 30720K, 34% used [0x0000000080000000,0x0000000080a3d890,0x0000000081e00000)
 Metaspace       used 34599K, capacity 35414K, committed 35496K, reserved 1079296K
  class space    used 4743K, capacity 4972K, committed 5040K, reserved 1048576K
}
Event: 6.414 GC heap before
{Heap before GC invocations=12 (full 2):
 PSYoungGen      total 199680K, used 9036K [0x00000000d5580000, 0x00000000e2580000, 0x0000000100000000)
  eden space 187392K, 0% used [0x00000000d5580000,0x00000000d5580000,0x00000000e0c80000)
  from space 12288K, 73% used [0x00000000e1980000,0x00000000e2253008,0x00000000e2580000)
  to   space 12800K, 0% used [0x00000000e0c80000,0x00000000e0c80000,0x00000000e1900000)
 ParOldGen       total 30720K, used 10486K [0x0000000080000000, 0x0000000081e00000, 0x00000000d5580000)
  object space 30720K, 34% used [0x0000000080000000,0x0000000080a3d890,0x0000000081e00000)
 Metaspace       used 34599K, capacity 35414K, committed 35496K, reserved 1079296K
  class space    used 4743K, capacity 4972K, committed 5040K, reserved 1048576K
Event: 6.514 GC heap after
Heap after GC invocations=12 (full 2):
 PSYoungGen      total 199680K, used 0K [0x00000000d5580000, 0x00000000e2580000, 0x0000000100000000)
  eden space 187392K, 0% used [0x00000000d5580000,0x00000000d5580000,0x00000000e0c80000)
  from space 12288K, 0% used [0x00000000e1980000,0x00000000e1980000,0x00000000e2580000)
  to   space 12800K, 0% used [0x00000000e0c80000,0x00000000e0c80000,0x00000000e1900000)
 ParOldGen       total 47616K, used 15643K [0x0000000080000000, 0x0000000082e80000, 0x00000000d5580000)
  object space 47616K, 32% used [0x0000000080000000,0x0000000080f46ec0,0x0000000082e80000)
 Metaspace       used 34599K, capacity 35414K, committed 35496K, reserved 1079296K
  class space    used 4743K, capacity 4972K, committed 5040K, reserved 1048576K
}
Event: 9.950 GC heap before
{Heap before GC invocations=13 (full 2):
 PSYoungGen      total 199680K, used 187392K [0x00000000d5580000, 0x00000000e2580000, 0x0000000100000000)
  eden space 187392K, 100% used [0x00000000d5580000,0x00000000e0c80000,0x00000000e0c80000)
  from space 12288K, 0% used [0x00000000e1980000,0x00000000e1980000,0x00000000e2580000)
  to   space 12800K, 0% used [0x00000000e0c80000,0x00000000e0c80000,0x00000000e1900000)
 ParOldGen       total 47616K, used 15643K [0x0000000080000000, 0x0000000082e80000, 0x00000000d5580000)
  object space 47616K, 32% used [0x0000000080000000,0x0000000080f46ec0,0x0000000082e80000)
 Metaspace       used 49621K, capacity 51284K, committed 51368K, reserved 1093632K
  class space    used 6643K, capacity 7073K, committed 7088K, reserved 1048576K
Event: 9.981 GC heap after
Heap after GC invocations=13 (full 2):
 PSYoungGen      total 200192K, used 12778K [0x00000000d5580000, 0x00000000e2580000, 0x0000000100000000)
  eden space 187392K, 0% used [0x00000000d5580000,0x00000000d5580000,0x00000000e0c80000)
  from space 12800K, 99% used [0x00000000e0c80000,0x00000000e18fa9f0,0x00000000e1900000)
  to   space 12288K, 0% used [0x00000000e1980000,0x00000000e1980000,0x00000000e2580000)
 ParOldGen       total 47616K, used 24702K [0x0000000080000000, 0x0000000082e80000, 0x00000000d5580000)
  object space 47616K, 51% used [0x0000000080000000,0x000000008181f878,0x0000000082e80000)
 Metaspace       used 49621K, capacity 51284K, committed 51368K, reserved 1093632K
  class space    used 6643K, capacity 7073K, committed 7088K, reserved 1048576K
}
Event: 11.720 GC heap before
{Heap before GC invocations=14 (full 2):
 PSYoungGen      total 200192K, used 100985K [0x00000000d5580000, 0x00000000e2580000, 0x0000000100000000)
  eden space 187392K, 47% used [0x00000000d5580000,0x00000000daba3dd0,0x00000000e0c80000)
  from space 12800K, 99% used [0x00000000e0c80000,0x00000000e18fa9f0,0x00000000e1900000)
  to   space 12288K, 0% used [0x00000000e1980000,0x00000000e1980000,0x00000000e2580000)
 ParOldGen       total 47616K, used 24702K [0x0000000080000000, 0x0000000082e80000, 0x00000000d5580000)
  object space 47616K, 51% used [0x0000000080000000,0x000000008181f878,0x0000000082e80000)
 Metaspace       used 57093K, capacity 59124K, committed 59160K, reserved 1099776K
  class space    used 7832K, capacity 8347K, committed 8368K, reserved 1048576K
Event: 11.766 GC heap after
Heap after GC invocations=14 (full 2):
 PSYoungGen      total 199680K, used 9362K [0x00000000d5580000, 0x00000000e2580000, 0x0000000100000000)
  eden space 187392K, 0% used [0x00000000d5580000,0x00000000d5580000,0x00000000e0c80000)
  from space 12288K, 76% used [0x00000000e1980000,0x00000000e22a4938,0x00000000e2580000)
  to   space 12800K, 0% used [0x00000000e0c80000,0x00000000e0c80000,0x00000000e1900000)
 ParOldGen       total 47616K, used 36443K [0x0000000080000000, 0x0000000082e80000, 0x00000000d5580000)
  object space 47616K, 76% used [0x0000000080000000,0x0000000082396fa0,0x0000000082e80000)
 Metaspace       used 57093K, capacity 59124K, committed 59160K, reserved 1099776K
  class space    used 7832K, capacity 8347K, committed 8368K, reserved 1048576K
}
Event: 11.766 GC heap before
{Heap before GC invocations=15 (full 3):
 PSYoungGen      total 199680K, used 9362K [0x00000000d5580000, 0x00000000e2580000, 0x0000000100000000)
  eden space 187392K, 0% used [0x00000000d5580000,0x00000000d5580000,0x00000000e0c80000)
  from space 12288K, 76% used [0x00000000e1980000,0x00000000e22a4938,0x00000000e2580000)
  to   space 12800K, 0% used [0x00000000e0c80000,0x00000000e0c80000,0x00000000e1900000)
 ParOldGen       total 47616K, used 36443K [0x0000000080000000, 0x0000000082e80000, 0x00000000d5580000)
  object space 47616K, 76% used [0x0000000080000000,0x0000000082396fa0,0x0000000082e80000)
 Metaspace       used 57093K, capacity 59124K, committed 59160K, reserved 1099776K
  class space    used 7832K, capacity 8347K, committed 8368K, reserved 1048576K
Event: 12.140 GC heap after
Heap after GC invocations=15 (full 3):
 PSYoungGen      total 199680K, used 0K [0x00000000d5580000, 0x00000000e2580000, 0x0000000100000000)
  eden space 187392K, 0% used [0x00000000d5580000,0x00000000d5580000,0x00000000e0c80000)
  from space 12288K, 0% used [0x00000000e1980000,0x00000000e1980000,0x00000000e2580000)
  to   space 12800K, 0% used [0x00000000e0c80000,0x00000000e0c80000,0x00000000e1900000)
 ParOldGen       total 80384K, used 33244K [0x0000000080000000, 0x0000000084e80000, 0x00000000d5580000)
  object space 80384K, 41% used [0x0000000080000000,0x00000000820771a0,0x0000000084e80000)
 Metaspace       used 57081K, capacity 59082K, committed 59160K, reserved 1099776K
  class space    used 7828K, capacity 8340K, committed 8368K, reserved 1048576K
}

